# JRE version: OpenJDK Runtime Environment (8.0_152-b01) (build 1.8.0_152-release-1343-b01)
# Java VM: OpenJDK 64-Bit Server VM (25.152-b01 mixed mode windows-amd64 compressed oops)
Heap:
 PSYoungGen      total 464384K, used 113532K [0x00000000e0000000, 0x0000000100000000, 0x0000000100000000)
  eden space 412672K, 18% used [0x00000000e0000000,0x00000000e4bf5558,0x00000000f9300000)
  from space 51712K, 69% used [0x00000000fc880000,0x00000000feb69ba8,0x00000000ffb00000)
  to   space 54784K, 0% used [0x00000000f9300000,0x00000000f9300000,0x00000000fc880000)
 ParOldGen       total 545792K, used 392322K [0x00000000a0000000, 0x00000000c1500000, 0x00000000e0000000)
  object space 545792K, 71% used [0x00000000a0000000,0x00000000b7f20b48,0x00000000c1500000)
 Metaspace       used 135744K, capacity 144760K, committed 146072K, reserved 1177600K
  class space    used 16599K, capacity 18287K, committed 18840K, reserved 1048576K
GC Heap History (10 events):
Event: 11374.147 GC heap before
{Heap before GC invocations=167 (full 6):
 PSYoungGen      total 451072K, used 401856K [0x00000000e0000000, 0x00000000ff980000, 0x0000000100000000)
  eden space 387584K, 100% used [0x00000000e0000000,0x00000000f7a80000,0x00000000f7a80000)
  from space 63488K, 22% used [0x00000000f7a80000,0x00000000f8870180,0x00000000fb880000)
  to   space 60928K, 0% used [0x00000000fbe00000,0x00000000fbe00000,0x00000000ff980000)
 ParOldGen       total 545792K, used 387900K [0x00000000a0000000, 0x00000000c1500000, 0x00000000e0000000)
  object space 545792K, 71% used [0x00000000a0000000,0x00000000b7acf3b0,0x00000000c1500000)
 Metaspace       used 135329K, capacity 144228K, committed 145688K, reserved 1175552K
  class space    used 16559K, capacity 18213K, committed 18712K, reserved 1048576K
Event: 11374.167 GC heap after
Heap after GC invocations=167 (full 6):
 PSYoungGen      total 457728K, used 16464K [0x00000000e0000000, 0x00000000ff780000, 0x0000000100000000)
  eden space 398848K, 0% used [0x00000000e0000000,0x00000000e0000000,0x00000000f8580000)
  from space 58880K, 27% used [0x00000000fbe00000,0x00000000fce14160,0x00000000ff780000)
  to   space 57856K, 0% used [0x00000000f8580000,0x00000000f8580000,0x00000000fbe00000)
 ParOldGen       total 545792K, used 388788K [0x00000000a0000000, 0x00000000c1500000, 0x00000000e0000000)
  object space 545792K, 71% used [0x00000000a0000000,0x00000000b7bad3c0,0x00000000c1500000)
 Metaspace       used 135329K, capacity 144228K, committed 145688K, reserved 1175552K
  class space    used 16559K, capacity 18213K, committed 18712K, reserved 1048576K
}
Event: 11375.286 GC heap before
{Heap before GC invocations=168 (full 6):
 PSYoungGen      total 457728K, used 415312K [0x00000000e0000000, 0x00000000ff780000, 0x0000000100000000)
  eden space 398848K, 100% used [0x00000000e0000000,0x00000000f8580000,0x00000000f8580000)
  from space 58880K, 27% used [0x00000000fbe00000,0x00000000fce14160,0x00000000ff780000)
  to   space 57856K, 0% used [0x00000000f8580000,0x00000000f8580000,0x00000000fbe00000)
 ParOldGen       total 545792K, used 388788K [0x00000000a0000000, 0x00000000c1500000, 0x00000000e0000000)
  object space 545792K, 71% used [0x00000000a0000000,0x00000000b7bad3c0,0x00000000c1500000)
 Metaspace       used 135333K, capacity 144228K, committed 145688K, reserved 1175552K
  class space    used 16559K, capacity 18213K, committed 18712K, reserved 1048576K
Event: 11375.305 GC heap after
Heap after GC invocations=168 (full 6):
 PSYoungGen      total 456704K, used 13376K [0x00000000e0000000, 0x00000000ffb00000, 0x0000000100000000)
  eden space 398848K, 0% used [0x00000000e0000000,0x00000000e0000000,0x00000000f8580000)
  from space 57856K, 23% used [0x00000000f8580000,0x00000000f9290170,0x00000000fbe00000)
  to   space 55808K, 0% used [0x00000000fc480000,0x00000000fc480000,0x00000000ffb00000)
 ParOldGen       total 545792K, used 390146K [0x00000000a0000000, 0x00000000c1500000, 0x00000000e0000000)
  object space 545792K, 71% used [0x00000000a0000000,0x00000000b7d00b38,0x00000000c1500000)
 Metaspace       used 135333K, capacity 144228K, committed 145688K, reserved 1175552K
  class space    used 16559K, capacity 18213K, committed 18712K, reserved 1048576K
}
Event: 11376.890 GC heap before
{Heap before GC invocations=169 (full 6):
 PSYoungGen      total 456704K, used 412224K [0x00000000e0000000, 0x00000000ffb00000, 0x0000000100000000)
  eden space 398848K, 100% used [0x00000000e0000000,0x00000000f8580000,0x00000000f8580000)
  from space 57856K, 23% used [0x00000000f8580000,0x00000000f9290170,0x00000000fbe00000)
  to   space 55808K, 0% used [0x00000000fc480000,0x00000000fc480000,0x00000000ffb00000)
 ParOldGen       total 545792K, used 390146K [0x00000000a0000000, 0x00000000c1500000, 0x00000000e0000000)
  object space 545792K, 71% used [0x00000000a0000000,0x00000000b7d00b38,0x00000000c1500000)
 Metaspace       used 135394K, capacity 144264K, committed 145688K, reserved 1175552K
  class space    used 16564K, capacity 18219K, committed 18712K, reserved 1048576K
Event: 11376.907 GC heap after
Heap after GC invocations=169 (full 6):
 PSYoungGen      total 464384K, used 12408K [0x00000000e0000000, 0x00000000ffa00000, 0x0000000100000000)
  eden space 409600K, 0% used [0x00000000e0000000,0x00000000e0000000,0x00000000f9000000)
  from space 54784K, 22% used [0x00000000fc480000,0x00000000fd09e160,0x00000000ffa00000)
  to   space 53760K, 0% used [0x00000000f9000000,0x00000000f9000000,0x00000000fc480000)
 ParOldGen       total 545792K, used 391090K [0x00000000a0000000, 0x00000000c1500000, 0x00000000e0000000)
  object space 545792K, 71% used [0x00000000a0000000,0x00000000b7decb38,0x00000000c1500000)
 Metaspace       used 135394K, capacity 144264K, committed 145688K, reserved 1175552K
  class space    used 16564K, capacity 18219K, committed 18712K, reserved 1048576K
}
Event: 11378.505 GC heap before
{Heap before GC invocations=170 (full 6):
 PSYoungGen      total 464384K, used 422008K [0x00000000e0000000, 0x00000000ffa00000, 0x0000000100000000)
  eden space 409600K, 100% used [0x00000000e0000000,0x00000000f9000000,0x00000000f9000000)
  from space 54784K, 22% used [0x00000000fc480000,0x00000000fd09e160,0x00000000ffa00000)
  to   space 53760K, 0% used [0x00000000f9000000,0x00000000f9000000,0x00000000fc480000)
 ParOldGen       total 545792K, used 391090K [0x00000000a0000000, 0x00000000c1500000, 0x00000000e0000000)
  object space 545792K, 71% used [0x00000000a0000000,0x00000000b7decb38,0x00000000c1500000)
 Metaspace       used 135434K, capacity 144354K, committed 145688K, reserved 1175552K
  class space    used 16569K, capacity 18224K, committed 18712K, reserved 1048576K
Event: 11378.530 GC heap after
Heap after GC invocations=170 (full 6):
 PSYoungGen      total 463360K, used 11832K [0x00000000e0000000, 0x00000000ffb00000, 0x0000000100000000)
  eden space 409600K, 0% used [0x00000000e0000000,0x00000000e0000000,0x00000000f9000000)
  from space 53760K, 22% used [0x00000000f9000000,0x00000000f9b8e1f8,0x00000000fc480000)
  to   space 51712K, 0% used [0x00000000fc880000,0x00000000fc880000,0x00000000ffb00000)
 ParOldGen       total 545792K, used 391762K [0x00000000a0000000, 0x00000000c1500000, 0x00000000e0000000)
  object space 545792K, 71% used [0x00000000a0000000,0x00000000b7e94b48,0x00000000c1500000)
 Metaspace       used 135434K, capacity 144354K, committed 145688K, reserved 1175552K
  class space    used 16569K, capacity 18224K, committed 18712K, reserved 1048576K
}
Event: 11381.348 GC heap before
{Heap before GC invocations=171 (full 6):
 PSYoungGen      total 463360K, used 421432K [0x00000000e0000000, 0x00000000ffb00000, 0x0000000100000000)
  eden space 409600K, 100% used [0x00000000e0000000,0x00000000f9000000,0x00000000f9000000)
  from space 53760K, 22% used [0x00000000f9000000,0x00000000f9b8e1f8,0x00000000fc480000)
  to   space 51712K, 0% used [0x00000000fc880000,0x00000000fc880000,0x00000000ffb00000)
 ParOldGen       total 545792K, used 391762K [0x00000000a0000000, 0x00000000c1500000, 0x00000000e0000000)
  object space 545792K, 71% used [0x00000000a0000000,0x00000000b7e94b48,0x00000000c1500000)
 Metaspace       used 135628K, capacity 144636K, committed 145816K, reserved 1175552K
  class space    used 16588K, capacity 18277K, committed 18840K, reserved 1048576K
Event: 11381.382 GC heap after
Heap after GC invocations=171 (full 6):
 PSYoungGen      total 464384K, used 35750K [0x00000000e0000000, 0x0000000100000000, 0x0000000100000000)
  eden space 412672K, 0% used [0x00000000e0000000,0x00000000e0000000,0x00000000f9300000)
  from space 51712K, 69% used [0x00000000fc880000,0x00000000feb69ba8,0x00000000ffb00000)
  to   space 54784K, 0% used [0x00000000f9300000,0x00000000f9300000,0x00000000fc880000)
 ParOldGen       total 545792K, used 392322K [0x00000000a0000000, 0x00000000c1500000, 0x00000000e0000000)
  object space 545792K, 71% used [0x00000000a0000000,0x00000000b7f20b48,0x00000000c1500000)
 Metaspace       used 135628K, capacity 144636K, committed 145816K, reserved 1175552K
  class space    used 16588K, capacity 18277K, committed 18840K, reserved 1048576K
}

