# JRE version: OpenJDK Runtime Environment (8.0_152-b01) (build 1.8.0_152-release-1343-b01)
# Java VM: OpenJDK 64-Bit Server VM (25.152-b01 mixed mode windows-amd64 compressed oops)
Heap:
 PSYoungGen      total 433664K, used 238415K [0x00000000e0000000, 0x0000000100000000, 0x0000000100000000)
  eden space 343040K, 67% used [0x00000000e0000000,0x00000000ee1c4850,0x00000000f4f00000)
  from space 90624K, 7% used [0x00000000fa780000,0x00000000fae8f3f8,0x0000000100000000)
  to   space 90624K, 0% used [0x00000000f4f00000,0x00000000f4f00000,0x00000000fa780000)
 ParOldGen       total 229376K, used 157731K [0x00000000a0000000, 0x00000000ae000000, 0x00000000e0000000)
  object space 229376K, 68% used [0x00000000a0000000,0x00000000a9a08e40,0x00000000ae000000)
 Metaspace       used 114474K, capacity 123556K, committed 123840K, reserved 1157120K
  class space    used 13937K, capacity 15983K, committed 16064K, reserved 1048576K
GC Heap History (10 events):
Event: 8989.066 GC heap before
{Heap before GC invocations=94 (full 4):
 PSYoungGen      total 420864K, used 371263K [0x00000000e0000000, 0x00000000ffb80000, 0x0000000100000000)
  eden space 329728K, 100% used [0x00000000e0000000,0x00000000f4200000,0x00000000f4200000)
  from space 91136K, 45% used [0x00000000f4200000,0x00000000f6a8fc90,0x00000000f9b00000)
  to   space 88064K, 0% used [0x00000000fa580000,0x00000000fa580000,0x00000000ffb80000)
 ParOldGen       total 229376K, used 127520K [0x00000000a0000000, 0x00000000ae000000, 0x00000000e0000000)
  object space 229376K, 55% used [0x00000000a0000000,0x00000000a7c881e8,0x00000000ae000000)
 Metaspace       used 114383K, capacity 123484K, committed 123584K, reserved 1157120K
  class space    used 13934K, capacity 15981K, committed 16064K, reserved 1048576K
Event: 8989.124 GC heap after
Heap after GC invocations=94 (full 4):
 PSYoungGen      total 431104K, used 23130K [0x00000000e0000000, 0x00000000ffe00000, 0x0000000100000000)
  eden space 343040K, 0% used [0x00000000e0000000,0x00000000e0000000,0x00000000f4f00000)
  from space 88064K, 26% used [0x00000000fa580000,0x00000000fbc16848,0x00000000ffb80000)
  to   space 88576K, 0% used [0x00000000f4f00000,0x00000000f4f00000,0x00000000fa580000)
 ParOldGen       total 229376K, used 146232K [0x00000000a0000000, 0x00000000ae000000, 0x00000000e0000000)
  object space 229376K, 63% used [0x00000000a0000000,0x00000000a8ece270,0x00000000ae000000)
 Metaspace       used 114383K, capacity 123484K, committed 123584K, reserved 1157120K
  class space    used 13934K, capacity 15981K, committed 16064K, reserved 1048576K
}
Event: 8990.530 GC heap before
{Heap before GC invocations=95 (full 4):
 PSYoungGen      total 431104K, used 366170K [0x00000000e0000000, 0x00000000ffe00000, 0x0000000100000000)
  eden space 343040K, 100% used [0x00000000e0000000,0x00000000f4f00000,0x00000000f4f00000)
  from space 88064K, 26% used [0x00000000fa580000,0x00000000fbc16848,0x00000000ffb80000)
  to   space 88576K, 0% used [0x00000000f4f00000,0x00000000f4f00000,0x00000000fa580000)
 ParOldGen       total 229376K, used 146232K [0x00000000a0000000, 0x00000000ae000000, 0x00000000e0000000)
  object space 229376K, 63% used [0x00000000a0000000,0x00000000a8ece270,0x00000000ae000000)
 Metaspace       used 114397K, capacity 123486K, committed 123584K, reserved 1157120K
  class space    used 13936K, capacity 15982K, committed 16064K, reserved 1048576K
Event: 8990.563 GC heap after
Heap after GC invocations=95 (full 4):
 PSYoungGen      total 431616K, used 16572K [0x00000000e0000000, 0x0000000100000000, 0x0000000100000000)
  eden space 343040K, 0% used [0x00000000e0000000,0x00000000e0000000,0x00000000f4f00000)
  from space 88576K, 18% used [0x00000000f4f00000,0x00000000f5f2f1c8,0x00000000fa580000)
  to   space 89600K, 0% used [0x00000000fa880000,0x00000000fa880000,0x0000000100000000)
 ParOldGen       total 229376K, used 147987K [0x00000000a0000000, 0x00000000ae000000, 0x00000000e0000000)
  object space 229376K, 64% used [0x00000000a0000000,0x00000000a9084ff8,0x00000000ae000000)
 Metaspace       used 114397K, capacity 123486K, committed 123584K, reserved 1157120K
  class space    used 13936K, capacity 15982K, committed 16064K, reserved 1048576K
}
Event: 8991.736 GC heap before
{Heap before GC invocations=96 (full 4):
 PSYoungGen      total 431616K, used 359612K [0x00000000e0000000, 0x0000000100000000, 0x0000000100000000)
  eden space 343040K, 100% used [0x00000000e0000000,0x00000000f4f00000,0x00000000f4f00000)
  from space 88576K, 18% used [0x00000000f4f00000,0x00000000f5f2f1c8,0x00000000fa580000)
  to   space 89600K, 0% used [0x00000000fa880000,0x00000000fa880000,0x0000000100000000)
 ParOldGen       total 229376K, used 147987K [0x00000000a0000000, 0x00000000ae000000, 0x00000000e0000000)
  object space 229376K, 64% used [0x00000000a0000000,0x00000000a9084ff8,0x00000000ae000000)
 Metaspace       used 114404K, capacity 123486K, committed 123584K, reserved 1157120K
  class space    used 13936K, capacity 15982K, committed 16064K, reserved 1048576K
Event: 8991.823 GC heap after
Heap after GC invocations=96 (full 4):
 PSYoungGen      total 432640K, used 10644K [0x00000000e0000000, 0x0000000100000000, 0x0000000100000000)
  eden space 343040K, 0% used [0x00000000e0000000,0x00000000e0000000,0x00000000f4f00000)
  from space 89600K, 11% used [0x00000000fa880000,0x00000000fb2e5000,0x0000000100000000)
  to   space 90624K, 0% used [0x00000000f4f00000,0x00000000f4f00000,0x00000000fa780000)
 ParOldGen       total 229376K, used 156372K [0x00000000a0000000, 0x00000000ae000000, 0x00000000e0000000)
  object space 229376K, 68% used [0x00000000a0000000,0x00000000a98b5378,0x00000000ae000000)
 Metaspace       used 114404K, capacity 123486K, committed 123584K, reserved 1157120K
  class space    used 13936K, capacity 15982K, committed 16064K, reserved 1048576K
}
Event: 8993.564 GC heap before
{Heap before GC invocations=97 (full 4):
 PSYoungGen      total 432640K, used 353684K [0x00000000e0000000, 0x0000000100000000, 0x0000000100000000)
  eden space 343040K, 100% used [0x00000000e0000000,0x00000000f4f00000,0x00000000f4f00000)
  from space 89600K, 11% used [0x00000000fa880000,0x00000000fb2e5000,0x0000000100000000)
  to   space 90624K, 0% used [0x00000000f4f00000,0x00000000f4f00000,0x00000000fa780000)
 ParOldGen       total 229376K, used 156372K [0x00000000a0000000, 0x00000000ae000000, 0x00000000e0000000)
  object space 229376K, 68% used [0x00000000a0000000,0x00000000a98b5378,0x00000000ae000000)
 Metaspace       used 114431K, capacity 123492K, committed 123584K, reserved 1157120K
  class space    used 13937K, capacity 15983K, committed 16064K, reserved 1048576K
Event: 8993.585 GC heap after
Heap after GC invocations=97 (full 4):
 PSYoungGen      total 433664K, used 8579K [0x00000000e0000000, 0x0000000100000000, 0x0000000100000000)
  eden space 343040K, 0% used [0x00000000e0000000,0x00000000e0000000,0x00000000f4f00000)
  from space 90624K, 9% used [0x00000000f4f00000,0x00000000f5760ed8,0x00000000fa780000)
  to   space 90624K, 0% used [0x00000000fa780000,0x00000000fa780000,0x0000000100000000)
 ParOldGen       total 229376K, used 157499K [0x00000000a0000000, 0x00000000ae000000, 0x00000000e0000000)
  object space 229376K, 68% used [0x00000000a0000000,0x00000000a99cee40,0x00000000ae000000)
 Metaspace       used 114431K, capacity 123492K, committed 123584K, reserved 1157120K
  class space    used 13937K, capacity 15983K, committed 16064K, reserved 1048576K
}
Event: 8995.548 GC heap before
{Heap before GC invocations=98 (full 4):
 PSYoungGen      total 433664K, used 351619K [0x00000000e0000000, 0x0000000100000000, 0x0000000100000000)
  eden space 343040K, 100% used [0x00000000e0000000,0x00000000f4f00000,0x00000000f4f00000)
  from space 90624K, 9% used [0x00000000f4f00000,0x00000000f5760ed8,0x00000000fa780000)
  to   space 90624K, 0% used [0x00000000fa780000,0x00000000fa780000,0x0000000100000000)
 ParOldGen       total 229376K, used 157499K [0x00000000a0000000, 0x00000000ae000000, 0x00000000e0000000)
  object space 229376K, 68% used [0x00000000a0000000,0x00000000a99cee40,0x00000000ae000000)
 Metaspace       used 114452K, capacity 123556K, committed 123840K, reserved 1157120K
  class space    used 13937K, capacity 15983K, committed 16064K, reserved 1048576K
Event: 8995.567 GC heap after
Heap after GC invocations=98 (full 4):
 PSYoungGen      total 433664K, used 7228K [0x00000000e0000000, 0x0000000100000000, 0x0000000100000000)
  eden space 343040K, 0% used [0x00000000e0000000,0x00000000e0000000,0x00000000f4f00000)
  from space 90624K, 7% used [0x00000000fa780000,0x00000000fae8f3f8,0x0000000100000000)
  to   space 90624K, 0% used [0x00000000f4f00000,0x00000000f4f00000,0x00000000fa780000)
 ParOldGen       total 229376K, used 157731K [0x00000000a0000000, 0x00000000ae000000, 0x00000000e0000000)
  object space 229376K, 68% used [0x00000000a0000000,0x00000000a9a08e40,0x00000000ae000000)
 Metaspace       used 114452K, capacity 123556K, committed 123840K, reserved 1157120K
  class space    used 13937K, capacity 15983K, committed 16064K, reserved 1048576K
}

