# JRE version: OpenJDK Runtime Environment (8.0_152-b01) (build 1.8.0_152-release-1343-b01)
# Java VM: OpenJDK 64-Bit Server VM (25.152-b01 mixed mode windows-amd64 compressed oops)
Heap:
 PSYoungGen      total 458240K, used 306156K [0x00000000e0000000, 0x0000000100000000, 0x0000000100000000)
  eden space 402944K, 62% used [0x00000000e0000000,0x00000000ef4fbc48,0x00000000f8980000)
  from space 55296K, 99% used [0x00000000f8980000,0x00000000fbf7f550,0x00000000fbf80000)
  to   space 66048K, 0% used [0x00000000fbf80000,0x00000000fbf80000,0x0000000100000000)
 ParOldGen       total 574976K, used 519841K [0x00000000a0000000, 0x00000000c3180000, 0x00000000e0000000)
  object space 574976K, 90% used [0x00000000a0000000,0x00000000bfba86d8,0x00000000c3180000)
 Metaspace       used 125850K, capacity 133870K, committed 134016K, reserved 1167360K
  class space    used 15169K, capacity 16501K, committed 16512K, reserved 1048576K
GC Heap History (10 events):
Event: 3232.520 GC heap before
{Heap before GC invocations=210 (full 9):
 PSYoungGen      total 452096K, used 385049K [0x00000000e0000000, 0x00000000ffc80000, 0x0000000100000000)
  eden space 382976K, 100% used [0x00000000e0000000,0x00000000f7600000,0x00000000f7600000)
  from space 69120K, 2% used [0x00000000fb880000,0x00000000fba86620,0x00000000ffc00000)
  to   space 68096K, 0% used [0x00000000f7600000,0x00000000f7600000,0x00000000fb880000)
 ParOldGen       total 574976K, used 502598K [0x00000000a0000000, 0x00000000c3180000, 0x00000000e0000000)
  object space 574976K, 87% used [0x00000000a0000000,0x00000000bead1bc8,0x00000000c3180000)
 Metaspace       used 125740K, capacity 133678K, committed 133760K, reserved 1167360K
  class space    used 15167K, capacity 16501K, committed 16512K, reserved 1048576K
Event: 3232.531 GC heap after
Heap after GC invocations=210 (full 9):
 PSYoungGen      total 451072K, used 9536K [0x00000000e0000000, 0x00000000ff900000, 0x0000000100000000)
  eden space 382976K, 0% used [0x00000000e0000000,0x00000000e0000000,0x00000000f7600000)
  from space 68096K, 14% used [0x00000000f7600000,0x00000000f7f500d0,0x00000000fb880000)
  to   space 65024K, 0% used [0x00000000fb980000,0x00000000fb980000,0x00000000ff900000)
 ParOldGen       total 574976K, used 502598K [0x00000000a0000000, 0x00000000c3180000, 0x00000000e0000000)
  object space 574976K, 87% used [0x00000000a0000000,0x00000000bead1bc8,0x00000000c3180000)
 Metaspace       used 125740K, capacity 133678K, committed 133760K, reserved 1167360K
  class space    used 15167K, capacity 16501K, committed 16512K, reserved 1048576K
}
Event: 3232.839 GC heap before
{Heap before GC invocations=211 (full 9):
 PSYoungGen      total 451072K, used 392512K [0x00000000e0000000, 0x00000000ff900000, 0x0000000100000000)
  eden space 382976K, 100% used [0x00000000e0000000,0x00000000f7600000,0x00000000f7600000)
  from space 68096K, 14% used [0x00000000f7600000,0x00000000f7f500d0,0x00000000fb880000)
  to   space 65024K, 0% used [0x00000000fb980000,0x00000000fb980000,0x00000000ff900000)
 ParOldGen       total 574976K, used 502602K [0x00000000a0000000, 0x00000000c3180000, 0x00000000e0000000)
  object space 574976K, 87% used [0x00000000a0000000,0x00000000bead28e0,0x00000000c3180000)
 Metaspace       used 125742K, capacity 133678K, committed 133760K, reserved 1167360K
  class space    used 15167K, capacity 16501K, committed 16512K, reserved 1048576K
Event: 3232.851 GC heap after
Heap after GC invocations=211 (full 9):
 PSYoungGen      total 453120K, used 12150K [0x00000000e0000000, 0x00000000ff700000, 0x0000000100000000)
  eden space 390144K, 0% used [0x00000000e0000000,0x00000000e0000000,0x00000000f7d00000)
  from space 62976K, 19% used [0x00000000fb980000,0x00000000fc55daa0,0x00000000ff700000)
  to   space 61952K, 0% used [0x00000000f7d00000,0x00000000f7d00000,0x00000000fb980000)
 ParOldGen       total 574976K, used 502602K [0x00000000a0000000, 0x00000000c3180000, 0x00000000e0000000)
  object space 574976K, 87% used [0x00000000a0000000,0x00000000bead28e0,0x00000000c3180000)
 Metaspace       used 125742K, capacity 133678K, committed 133760K, reserved 1167360K
  class space    used 15167K, capacity 16501K, committed 16512K, reserved 1048576K
}
Event: 3233.222 GC heap before
{Heap before GC invocations=212 (full 9):
 PSYoungGen      total 453120K, used 402294K [0x00000000e0000000, 0x00000000ff700000, 0x0000000100000000)
  eden space 390144K, 100% used [0x00000000e0000000,0x00000000f7d00000,0x00000000f7d00000)
  from space 62976K, 19% used [0x00000000fb980000,0x00000000fc55daa0,0x00000000ff700000)
  to   space 61952K, 0% used [0x00000000f7d00000,0x00000000f7d00000,0x00000000fb980000)
 ParOldGen       total 574976K, used 502602K [0x00000000a0000000, 0x00000000c3180000, 0x00000000e0000000)
  object space 574976K, 87% used [0x00000000a0000000,0x00000000bead28e0,0x00000000c3180000)
 Metaspace       used 125811K, capacity 133806K, committed 134016K, reserved 1167360K
  class space    used 15167K, capacity 16501K, committed 16512K, reserved 1048576K
Event: 3233.234 GC heap after
Heap after GC invocations=212 (full 9):
 PSYoungGen      total 452096K, used 10666K [0x00000000e0000000, 0x00000000ffa00000, 0x0000000100000000)
  eden space 390144K, 0% used [0x00000000e0000000,0x00000000e0000000,0x00000000f7d00000)
  from space 61952K, 17% used [0x00000000f7d00000,0x00000000f876a8a8,0x00000000fb980000)
  to   space 59392K, 0% used [0x00000000fc000000,0x00000000fc000000,0x00000000ffa00000)
 ParOldGen       total 574976K, used 502610K [0x00000000a0000000, 0x00000000c3180000, 0x00000000e0000000)
  object space 574976K, 87% used [0x00000000a0000000,0x00000000bead48e0,0x00000000c3180000)
 Metaspace       used 125811K, capacity 133806K, committed 134016K, reserved 1167360K
  class space    used 15167K, capacity 16501K, committed 16512K, reserved 1048576K
}
Event: 3235.117 GC heap before
{Heap before GC invocations=213 (full 9):
 PSYoungGen      total 452096K, used 400764K [0x00000000e0000000, 0x00000000ffa00000, 0x0000000100000000)
  eden space 390144K, 99% used [0x00000000e0000000,0x00000000f7cf4828,0x00000000f7d00000)
  from space 61952K, 17% used [0x00000000f7d00000,0x00000000f876a8a8,0x00000000fb980000)
  to   space 59392K, 0% used [0x00000000fc000000,0x00000000fc000000,0x00000000ffa00000)
 ParOldGen       total 574976K, used 502610K [0x00000000a0000000, 0x00000000c3180000, 0x00000000e0000000)
  object space 574976K, 87% used [0x00000000a0000000,0x00000000bead48e0,0x00000000c3180000)
 Metaspace       used 125824K, capacity 133806K, committed 134016K, reserved 1167360K
  class space    used 15168K, capacity 16501K, committed 16512K, reserved 1048576K
Event: 3235.128 GC heap after
Heap after GC invocations=213 (full 9):
 PSYoungGen      total 457728K, used 16820K [0x00000000e0000000, 0x00000000ff580000, 0x0000000100000000)
  eden space 402944K, 0% used [0x00000000e0000000,0x00000000e0000000,0x00000000f8980000)
  from space 54784K, 30% used [0x00000000fc000000,0x00000000fd06d228,0x00000000ff580000)
  to   space 55296K, 0% used [0x00000000f8980000,0x00000000f8980000,0x00000000fbf80000)
 ParOldGen       total 574976K, used 502618K [0x00000000a0000000, 0x00000000c3180000, 0x00000000e0000000)
  object space 574976K, 87% used [0x00000000a0000000,0x00000000bead68e0,0x00000000c3180000)
 Metaspace       used 125824K, capacity 133806K, committed 134016K, reserved 1167360K
  class space    used 15168K, capacity 16501K, committed 16512K, reserved 1048576K
}
Event: 3237.055 GC heap before
{Heap before GC invocations=214 (full 9):
 PSYoungGen      total 457728K, used 419764K [0x00000000e0000000, 0x00000000ff580000, 0x0000000100000000)
  eden space 402944K, 100% used [0x00000000e0000000,0x00000000f8980000,0x00000000f8980000)
  from space 54784K, 30% used [0x00000000fc000000,0x00000000fd06d228,0x00000000ff580000)
  to   space 55296K, 0% used [0x00000000f8980000,0x00000000f8980000,0x00000000fbf80000)
 ParOldGen       total 574976K, used 502618K [0x00000000a0000000, 0x00000000c3180000, 0x00000000e0000000)
  object space 574976K, 87% used [0x00000000a0000000,0x00000000bead68e0,0x00000000c3180000)
 Metaspace       used 125831K, capacity 133806K, committed 134016K, reserved 1167360K
  class space    used 15168K, capacity 16501K, committed 16512K, reserved 1048576K
Event: 3237.164 GC heap after
Heap after GC invocations=214 (full 9):
 PSYoungGen      total 458240K, used 55293K [0x00000000e0000000, 0x0000000100000000, 0x0000000100000000)
  eden space 402944K, 0% used [0x00000000e0000000,0x00000000e0000000,0x00000000f8980000)
  from space 55296K, 99% used [0x00000000f8980000,0x00000000fbf7f550,0x00000000fbf80000)
  to   space 66048K, 0% used [0x00000000fbf80000,0x00000000fbf80000,0x0000000100000000)
 ParOldGen       total 574976K, used 519841K [0x00000000a0000000, 0x00000000c3180000, 0x00000000e0000000)
  object space 574976K, 90% used [0x00000000a0000000,0x00000000bfba86d8,0x00000000c3180000)
 Metaspace       used 125831K, capacity 133806K, committed 134016K, reserved 1167360K
  class space    used 15168K, capacity 16501K, committed 16512K, reserved 1048576K
}

