# JRE version: OpenJDK Runtime Environment (8.0_152-b01) (build 1.8.0_152-release-1343-b01)
# Java VM: OpenJDK 64-Bit Server VM (25.152-b01 mixed mode windows-amd64 compressed oops)
Heap:
 PSYoungGen      total 484864K, used 323479K [0x00000000e0000000, 0x0000000100000000, 0x0000000100000000)
  eden space 450560K, 70% used [0x00000000e0000000,0x00000000f355ee90,0x00000000fb800000)
  from space 34304K, 19% used [0x00000000fb800000,0x00000000fbe86ed8,0x00000000fd980000)
  to   space 32768K, 0% used [0x00000000fe000000,0x00000000fe000000,0x0000000100000000)
 ParOldGen       total 222720K, used 174064K [0x00000000a0000000, 0x00000000ad980000, 0x00000000e0000000)
  object space 222720K, 78% used [0x00000000a0000000,0x00000000aa9fc058,0x00000000ad980000)
 Metaspace       used 102525K, capacity 107021K, committed 107648K, reserved 1142784K
  class space    used 12514K, capacity 13369K, committed 13696K, reserved 1048576K
GC Heap History (10 events):
Event: 4198.815 GC heap before
{Heap before GC invocations=87 (full 6):
 PSYoungGen      total 475648K, used 447890K [0x00000000e0000000, 0x00000000ffa80000, 0x0000000100000000)
  eden space 438784K, 100% used [0x00000000e0000000,0x00000000fac80000,0x00000000fac80000)
  from space 36864K, 24% used [0x00000000fd680000,0x00000000fdf648f8,0x00000000ffa80000)
  to   space 39936K, 0% used [0x00000000fac80000,0x00000000fac80000,0x00000000fd380000)
 ParOldGen       total 222720K, used 165168K [0x00000000a0000000, 0x00000000ad980000, 0x00000000e0000000)
  object space 222720K, 74% used [0x00000000a0000000,0x00000000aa14c308,0x00000000ad980000)
 Metaspace       used 102451K, capacity 106957K, committed 107648K, reserved 1142784K
  class space    used 12514K, capacity 13369K, committed 13696K, reserved 1048576K
Event: 4198.826 GC heap after
Heap after GC invocations=87 (full 6):
 PSYoungGen      total 478720K, used 7106K [0x00000000e0000000, 0x0000000100000000, 0x0000000100000000)
  eden space 438784K, 0% used [0x00000000e0000000,0x00000000e0000000,0x00000000fac80000)
  from space 39936K, 17% used [0x00000000fac80000,0x00000000fb370870,0x00000000fd380000)
  to   space 38912K, 0% used [0x00000000fda00000,0x00000000fda00000,0x0000000100000000)
 ParOldGen       total 222720K, used 166483K [0x00000000a0000000, 0x00000000ad980000, 0x00000000e0000000)
  object space 222720K, 74% used [0x00000000a0000000,0x00000000aa294c98,0x00000000ad980000)
 Metaspace       used 102451K, capacity 106957K, committed 107648K, reserved 1142784K
  class space    used 12514K, capacity 13369K, committed 13696K, reserved 1048576K
}
Event: 4199.239 GC heap before
{Heap before GC invocations=88 (full 6):
 PSYoungGen      total 478720K, used 445890K [0x00000000e0000000, 0x0000000100000000, 0x0000000100000000)
  eden space 438784K, 100% used [0x00000000e0000000,0x00000000fac80000,0x00000000fac80000)
  from space 39936K, 17% used [0x00000000fac80000,0x00000000fb370870,0x00000000fd380000)
  to   space 38912K, 0% used [0x00000000fda00000,0x00000000fda00000,0x0000000100000000)
 ParOldGen       total 222720K, used 166483K [0x00000000a0000000, 0x00000000ad980000, 0x00000000e0000000)
  object space 222720K, 74% used [0x00000000a0000000,0x00000000aa294c98,0x00000000ad980000)
 Metaspace       used 102456K, capacity 106957K, committed 107648K, reserved 1142784K
  class space    used 12514K, capacity 13369K, committed 13696K, reserved 1048576K
Event: 4199.245 GC heap after
Heap after GC invocations=88 (full 6):
 PSYoungGen      total 480256K, used 5791K [0x00000000e0000000, 0x00000000ffc00000, 0x0000000100000000)
  eden space 445440K, 0% used [0x00000000e0000000,0x00000000e0000000,0x00000000fb300000)
  from space 34816K, 16% used [0x00000000fda00000,0x00000000fdfa7d50,0x00000000ffc00000)
  to   space 37376K, 0% used [0x00000000fb300000,0x00000000fb300000,0x00000000fd780000)
 ParOldGen       total 222720K, used 167153K [0x00000000a0000000, 0x00000000ad980000, 0x00000000e0000000)
  object space 222720K, 75% used [0x00000000a0000000,0x00000000aa33c768,0x00000000ad980000)
 Metaspace       used 102456K, capacity 106957K, committed 107648K, reserved 1142784K
  class space    used 12514K, capacity 13369K, committed 13696K, reserved 1048576K
}
Event: 4199.628 GC heap before
{Heap before GC invocations=89 (full 6):
 PSYoungGen      total 480256K, used 451231K [0x00000000e0000000, 0x00000000ffc00000, 0x0000000100000000)
  eden space 445440K, 100% used [0x00000000e0000000,0x00000000fb300000,0x00000000fb300000)
  from space 34816K, 16% used [0x00000000fda00000,0x00000000fdfa7d50,0x00000000ffc00000)
  to   space 37376K, 0% used [0x00000000fb300000,0x00000000fb300000,0x00000000fd780000)
 ParOldGen       total 222720K, used 167153K [0x00000000a0000000, 0x00000000ad980000, 0x00000000e0000000)
  object space 222720K, 75% used [0x00000000a0000000,0x00000000aa33c768,0x00000000ad980000)
 Metaspace       used 102456K, capacity 106957K, committed 107648K, reserved 1142784K
  class space    used 12514K, capacity 13369K, committed 13696K, reserved 1048576K
Event: 4199.635 GC heap after
Heap after GC invocations=89 (full 6):
 PSYoungGen      total 482816K, used 4113K [0x00000000e0000000, 0x0000000100000000, 0x0000000100000000)
  eden space 445440K, 0% used [0x00000000e0000000,0x00000000e0000000,0x00000000fb300000)
  from space 37376K, 11% used [0x00000000fb300000,0x00000000fb704598,0x00000000fd780000)
  to   space 36352K, 0% used [0x00000000fdc80000,0x00000000fdc80000,0x0000000100000000)
 ParOldGen       total 222720K, used 169231K [0x00000000a0000000, 0x00000000ad980000, 0x00000000e0000000)
  object space 222720K, 75% used [0x00000000a0000000,0x00000000aa543f30,0x00000000ad980000)
 Metaspace       used 102456K, capacity 106957K, committed 107648K, reserved 1142784K
  class space    used 12514K, capacity 13369K, committed 13696K, reserved 1048576K
}
Event: 4200.032 GC heap before
{Heap before GC invocations=90 (full 6):
 PSYoungGen      total 482816K, used 449553K [0x00000000e0000000, 0x0000000100000000, 0x0000000100000000)
  eden space 445440K, 100% used [0x00000000e0000000,0x00000000fb300000,0x00000000fb300000)
  from space 37376K, 11% used [0x00000000fb300000,0x00000000fb704598,0x00000000fd780000)
  to   space 36352K, 0% used [0x00000000fdc80000,0x00000000fdc80000,0x0000000100000000)
 ParOldGen       total 222720K, used 169231K [0x00000000a0000000, 0x00000000ad980000, 0x00000000e0000000)
  object space 222720K, 75% used [0x00000000a0000000,0x00000000aa543f30,0x00000000ad980000)
 Metaspace       used 102498K, capacity 106957K, committed 107648K, reserved 1142784K
  class space    used 12514K, capacity 13369K, committed 13696K, reserved 1048576K
Event: 4200.041 GC heap after
Heap after GC invocations=90 (full 6):
 PSYoungGen      total 481792K, used 9726K [0x00000000e0000000, 0x00000000ffb00000, 0x0000000100000000)
  eden space 450560K, 0% used [0x00000000e0000000,0x00000000e0000000,0x00000000fb800000)
  from space 31232K, 31% used [0x00000000fdc80000,0x00000000fe5ffa78,0x00000000ffb00000)
  to   space 34304K, 0% used [0x00000000fb800000,0x00000000fb800000,0x00000000fd980000)
 ParOldGen       total 222720K, used 169823K [0x00000000a0000000, 0x00000000ad980000, 0x00000000e0000000)
  object space 222720K, 76% used [0x00000000a0000000,0x00000000aa5d7d60,0x00000000ad980000)
 Metaspace       used 102498K, capacity 106957K, committed 107648K, reserved 1142784K
  class space    used 12514K, capacity 13369K, committed 13696K, reserved 1048576K
}
Event: 4200.418 GC heap before
{Heap before GC invocations=91 (full 6):
 PSYoungGen      total 481792K, used 460286K [0x00000000e0000000, 0x00000000ffb00000, 0x0000000100000000)
  eden space 450560K, 100% used [0x00000000e0000000,0x00000000fb800000,0x00000000fb800000)
  from space 31232K, 31% used [0x00000000fdc80000,0x00000000fe5ffa78,0x00000000ffb00000)
  to   space 34304K, 0% used [0x00000000fb800000,0x00000000fb800000,0x00000000fd980000)
 ParOldGen       total 222720K, used 169823K [0x00000000a0000000, 0x00000000ad980000, 0x00000000e0000000)
  object space 222720K, 76% used [0x00000000a0000000,0x00000000aa5d7d60,0x00000000ad980000)
 Metaspace       used 102512K, capacity 107021K, committed 107648K, reserved 1142784K
  class space    used 12514K, capacity 13369K, committed 13696K, reserved 1048576K
Event: 4200.435 GC heap after
Heap after GC invocations=91 (full 6):
 PSYoungGen      total 484864K, used 6683K [0x00000000e0000000, 0x0000000100000000, 0x0000000100000000)
  eden space 450560K, 0% used [0x00000000e0000000,0x00000000e0000000,0x00000000fb800000)
  from space 34304K, 19% used [0x00000000fb800000,0x00000000fbe86ed8,0x00000000fd980000)
  to   space 32768K, 0% used [0x00000000fe000000,0x00000000fe000000,0x0000000100000000)
 ParOldGen       total 222720K, used 174064K [0x00000000a0000000, 0x00000000ad980000, 0x00000000e0000000)
  object space 222720K, 78% used [0x00000000a0000000,0x00000000aa9fc058,0x00000000ad980000)
 Metaspace       used 102512K, capacity 107021K, committed 107648K, reserved 1142784K
  class space    used 12514K, capacity 13369K, committed 13696K, reserved 1048576K
}

