# JRE version: OpenJDK Runtime Environment (8.0_152-b01) (build 1.8.0_152-release-1343-b01)
# Java VM: OpenJDK 64-Bit Server VM (25.152-b01 mixed mode windows-amd64 compressed oops)
Heap:
 PSYoungGen      total 418304K, used 307477K [0x00000000e0000000, 0x00000000ff900000, 0x0000000100000000)
  eden space 317952K, 94% used [0x00000000e0000000,0x00000000f2646ec8,0x00000000f3680000)
  from space 100352K, 6% used [0x00000000f9600000,0x00000000f9bfe7d0,0x00000000ff800000)
  to   space 97792K, 0% used [0x00000000f3680000,0x00000000f3680000,0x00000000f9600000)
 ParOldGen       total 293888K, used 137498K [0x00000000a0000000, 0x00000000b1f00000, 0x00000000e0000000)
  object space 293888K, 46% used [0x00000000a0000000,0x00000000a8646a20,0x00000000b1f00000)
 Metaspace       used 138234K, capacity 145682K, committed 155648K, reserved 1185792K
  class space    used 16863K, capacity 18218K, committed 19968K, reserved 1048576K
GC Heap History (10 events):
Event: 8417.964 GC heap before
{Heap before GC invocations=89 (full 5):
 PSYoungGen      total 410624K, used 302080K [0x00000000e0000000, 0x0000000100000000, 0x0000000100000000)
  eden space 302080K, 100% used [0x00000000e0000000,0x00000000f2700000,0x00000000f2700000)
  from space 108544K, 0% used [0x00000000f2700000,0x00000000f2700000,0x00000000f9100000)
  to   space 108032K, 0% used [0x00000000f9680000,0x00000000f9680000,0x0000000100000000)
 ParOldGen       total 293888K, used 117790K [0x00000000a0000000, 0x00000000b1f00000, 0x00000000e0000000)
  object space 293888K, 40% used [0x00000000a0000000,0x00000000a73079f8,0x00000000b1f00000)
 Metaspace       used 138211K, capacity 145676K, committed 155648K, reserved 1185792K
  class space    used 16862K, capacity 18217K, committed 19968K, reserved 1048576K
Event: 8417.978 GC heap after
Heap after GC invocations=89 (full 5):
 PSYoungGen      total 414208K, used 7478K [0x00000000e0000000, 0x00000000ffe80000, 0x0000000100000000)
  eden space 307712K, 0% used [0x00000000e0000000,0x00000000e0000000,0x00000000f2c80000)
  from space 106496K, 7% used [0x00000000f9680000,0x00000000f9dcdac0,0x00000000ffe80000)
  to   space 107520K, 0% used [0x00000000f2c80000,0x00000000f2c80000,0x00000000f9580000)
 ParOldGen       total 293888K, used 117798K [0x00000000a0000000, 0x00000000b1f00000, 0x00000000e0000000)
  object space 293888K, 40% used [0x00000000a0000000,0x00000000a73099f8,0x00000000b1f00000)
 Metaspace       used 138211K, capacity 145676K, committed 155648K, reserved 1185792K
  class space    used 16862K, capacity 18217K, committed 19968K, reserved 1048576K
}
Event: 8418.809 GC heap before
{Heap before GC invocations=90 (full 5):
 PSYoungGen      total 414208K, used 315190K [0x00000000e0000000, 0x00000000ffe80000, 0x0000000100000000)
  eden space 307712K, 100% used [0x00000000e0000000,0x00000000f2c80000,0x00000000f2c80000)
  from space 106496K, 7% used [0x00000000f9680000,0x00000000f9dcdac0,0x00000000ffe80000)
  to   space 107520K, 0% used [0x00000000f2c80000,0x00000000f2c80000,0x00000000f9580000)
 ParOldGen       total 293888K, used 117798K [0x00000000a0000000, 0x00000000b1f00000, 0x00000000e0000000)
  object space 293888K, 40% used [0x00000000a0000000,0x00000000a73099f8,0x00000000b1f00000)
 Metaspace       used 138211K, capacity 145676K, committed 155648K, reserved 1185792K
  class space    used 16862K, capacity 18217K, committed 19968K, reserved 1048576K
Event: 8418.830 GC heap after
Heap after GC invocations=90 (full 5):
 PSYoungGen      total 415232K, used 13418K [0x00000000e0000000, 0x00000000ffd00000, 0x0000000100000000)
  eden space 307712K, 0% used [0x00000000e0000000,0x00000000e0000000,0x00000000f2c80000)
  from space 107520K, 12% used [0x00000000f2c80000,0x00000000f399aba8,0x00000000f9580000)
  to   space 105472K, 0% used [0x00000000f9600000,0x00000000f9600000,0x00000000ffd00000)
 ParOldGen       total 293888K, used 117798K [0x00000000a0000000, 0x00000000b1f00000, 0x00000000e0000000)
  object space 293888K, 40% used [0x00000000a0000000,0x00000000a73099f8,0x00000000b1f00000)
 Metaspace       used 138211K, capacity 145676K, committed 155648K, reserved 1185792K
  class space    used 16862K, capacity 18217K, committed 19968K, reserved 1048576K
}
Event: 8419.666 GC heap before
{Heap before GC invocations=91 (full 5):
 PSYoungGen      total 415232K, used 321130K [0x00000000e0000000, 0x00000000ffd00000, 0x0000000100000000)
  eden space 307712K, 100% used [0x00000000e0000000,0x00000000f2c80000,0x00000000f2c80000)
  from space 107520K, 12% used [0x00000000f2c80000,0x00000000f399aba8,0x00000000f9580000)
  to   space 105472K, 0% used [0x00000000f9600000,0x00000000f9600000,0x00000000ffd00000)
 ParOldGen       total 293888K, used 117798K [0x00000000a0000000, 0x00000000b1f00000, 0x00000000e0000000)
  object space 293888K, 40% used [0x00000000a0000000,0x00000000a73099f8,0x00000000b1f00000)
 Metaspace       used 138211K, capacity 145676K, committed 155648K, reserved 1185792K
  class space    used 16862K, capacity 18217K, committed 19968K, reserved 1048576K
Event: 8419.685 GC heap after
Heap after GC invocations=91 (full 5):
 PSYoungGen      total 411648K, used 12623K [0x00000000e0000000, 0x00000000ff800000, 0x0000000100000000)
  eden space 311296K, 0% used [0x00000000e0000000,0x00000000e0000000,0x00000000f3000000)
  from space 100352K, 12% used [0x00000000f9600000,0x00000000fa253c48,0x00000000ff800000)
  to   space 102400K, 0% used [0x00000000f3000000,0x00000000f3000000,0x00000000f9400000)
 ParOldGen       total 293888K, used 124066K [0x00000000a0000000, 0x00000000b1f00000, 0x00000000e0000000)
  object space 293888K, 42% used [0x00000000a0000000,0x00000000a7928bd8,0x00000000b1f00000)
 Metaspace       used 138211K, capacity 145676K, committed 155648K, reserved 1185792K
  class space    used 16862K, capacity 18217K, committed 19968K, reserved 1048576K
}
Event: 8420.630 GC heap before
{Heap before GC invocations=92 (full 5):
 PSYoungGen      total 411648K, used 323919K [0x00000000e0000000, 0x00000000ff800000, 0x0000000100000000)
  eden space 311296K, 100% used [0x00000000e0000000,0x00000000f3000000,0x00000000f3000000)
  from space 100352K, 12% used [0x00000000f9600000,0x00000000fa253c48,0x00000000ff800000)
  to   space 102400K, 0% used [0x00000000f3000000,0x00000000f3000000,0x00000000f9400000)
 ParOldGen       total 293888K, used 124066K [0x00000000a0000000, 0x00000000b1f00000, 0x00000000e0000000)
  object space 293888K, 42% used [0x00000000a0000000,0x00000000a7928bd8,0x00000000b1f00000)
 Metaspace       used 138215K, capacity 145682K, committed 155648K, reserved 1185792K
  class space    used 16863K, capacity 18218K, committed 19968K, reserved 1048576K
Event: 8420.663 GC heap after
Heap after GC invocations=92 (full 5):
 PSYoungGen      total 413696K, used 6564K [0x00000000e0000000, 0x00000000ff800000, 0x0000000100000000)
  eden space 311296K, 0% used [0x00000000e0000000,0x00000000e0000000,0x00000000f3000000)
  from space 102400K, 6% used [0x00000000f3000000,0x00000000f3669188,0x00000000f9400000)
  to   space 100352K, 0% used [0x00000000f9600000,0x00000000f9600000,0x00000000ff800000)
 ParOldGen       total 293888K, used 133645K [0x00000000a0000000, 0x00000000b1f00000, 0x00000000e0000000)
  object space 293888K, 45% used [0x00000000a0000000,0x00000000a8283430,0x00000000b1f00000)
 Metaspace       used 138215K, capacity 145682K, committed 155648K, reserved 1185792K
  class space    used 16863K, capacity 18218K, committed 19968K, reserved 1048576K
}
Event: 8421.382 GC heap before
{Heap before GC invocations=93 (full 5):
 PSYoungGen      total 413696K, used 317860K [0x00000000e0000000, 0x00000000ff800000, 0x0000000100000000)
  eden space 311296K, 100% used [0x00000000e0000000,0x00000000f3000000,0x00000000f3000000)
  from space 102400K, 6% used [0x00000000f3000000,0x00000000f3669188,0x00000000f9400000)
  to   space 100352K, 0% used [0x00000000f9600000,0x00000000f9600000,0x00000000ff800000)
 ParOldGen       total 293888K, used 133645K [0x00000000a0000000, 0x00000000b1f00000, 0x00000000e0000000)
  object space 293888K, 45% used [0x00000000a0000000,0x00000000a8283430,0x00000000b1f00000)
 Metaspace       used 138230K, capacity 145682K, committed 155648K, reserved 1185792K
  class space    used 16863K, capacity 18218K, committed 19968K, reserved 1048576K
Event: 8421.400 GC heap after
Heap after GC invocations=93 (full 5):
 PSYoungGen      total 418304K, used 6137K [0x00000000e0000000, 0x00000000ff900000, 0x0000000100000000)
  eden space 317952K, 0% used [0x00000000e0000000,0x00000000e0000000,0x00000000f3680000)
  from space 100352K, 6% used [0x00000000f9600000,0x00000000f9bfe7d0,0x00000000ff800000)
  to   space 97792K, 0% used [0x00000000f3680000,0x00000000f3680000,0x00000000f9600000)
 ParOldGen       total 293888K, used 137498K [0x00000000a0000000, 0x00000000b1f00000, 0x00000000e0000000)
  object space 293888K, 46% used [0x00000000a0000000,0x00000000a8646a20,0x00000000b1f00000)
 Metaspace       used 138230K, capacity 145682K, committed 155648K, reserved 1185792K
  class space    used 16863K, capacity 18218K, committed 19968K, reserved 1048576K
}

