# JRE version: OpenJDK Runtime Environment (8.0_152-b01) (build 1.8.0_152-release-1343-b01)
# Java VM: OpenJDK 64-Bit Server VM (25.152-b01 mixed mode windows-amd64 compressed oops)
Heap:
 PSYoungGen      total 394240K, used 106997K [0x00000000e0000000, 0x0000000100000000, 0x0000000100000000)
  eden space 264192K, 28% used [0x00000000e0000000,0x00000000e4909410,0x00000000f0200000)
  from space 130048K, 24% used [0x00000000f0200000,0x00000000f2174158,0x00000000f8100000)
  to   space 123904K, 0% used [0x00000000f8700000,0x00000000f8700000,0x0000000100000000)
 ParOldGen       total 316416K, used 210706K [0x00000000a0000000, 0x00000000b3500000, 0x00000000e0000000)
  object space 316416K, 66% used [0x00000000a0000000,0x00000000acdc4968,0x00000000b3500000)
 Metaspace       used 109836K, capacity 117732K, committed 127912K, reserved 1161216K
  class space    used 13638K, capacity 15036K, committed 16808K, reserved 1048576K
GC Heap History (10 events):
Event: 16474.138 GC heap before
{Heap before GC invocations=103 (full 6):
 PSYoungGen      total 428032K, used 358397K [0x00000000e0000000, 0x0000000100000000, 0x0000000100000000)
  eden space 338944K, 99% used [0x00000000e0000000,0x00000000f4a895b8,0x00000000f4b00000)
  from space 89088K, 22% used [0x00000000f9d80000,0x00000000fb0f61d0,0x00000000ff480000)
  to   space 84480K, 0% used [0x00000000f4b00000,0x00000000f4b00000,0x00000000f9d80000)
 ParOldGen       total 316416K, used 136518K [0x00000000a0000000, 0x00000000b3500000, 0x00000000e0000000)
  object space 316416K, 43% used [0x00000000a0000000,0x00000000a8551ae8,0x00000000b3500000)
 Metaspace       used 108955K, capacity 116714K, committed 127912K, reserved 1161216K
  class space    used 13530K, capacity 14887K, committed 16808K, reserved 1048576K
Event: 16474.229 GC heap after
Heap after GC invocations=103 (full 6):
 PSYoungGen      total 423424K, used 84475K [0x00000000e0000000, 0x0000000100000000, 0x0000000100000000)
  eden space 338944K, 0% used [0x00000000e0000000,0x00000000e0000000,0x00000000f4b00000)
  from space 84480K, 99% used [0x00000000f4b00000,0x00000000f9d7ef78,0x00000000f9d80000)
  to   space 100864K, 0% used [0x00000000f9d80000,0x00000000f9d80000,0x0000000100000000)
 ParOldGen       total 316416K, used 143374K [0x00000000a0000000, 0x00000000b3500000, 0x00000000e0000000)
  object space 316416K, 45% used [0x00000000a0000000,0x00000000a8c03ae8,0x00000000b3500000)
 Metaspace       used 108955K, capacity 116714K, committed 127912K, reserved 1161216K
  class space    used 13530K, capacity 14887K, committed 16808K, reserved 1048576K
}
Event: 16994.410 GC heap before
{Heap before GC invocations=104 (full 6):
 PSYoungGen      total 423424K, used 423419K [0x00000000e0000000, 0x0000000100000000, 0x0000000100000000)
  eden space 338944K, 100% used [0x00000000e0000000,0x00000000f4b00000,0x00000000f4b00000)
  from space 84480K, 99% used [0x00000000f4b00000,0x00000000f9d7ef78,0x00000000f9d80000)
  to   space 100864K, 0% used [0x00000000f9d80000,0x00000000f9d80000,0x0000000100000000)
 ParOldGen       total 316416K, used 143374K [0x00000000a0000000, 0x00000000b3500000, 0x00000000e0000000)
  object space 316416K, 45% used [0x00000000a0000000,0x00000000a8c03ae8,0x00000000b3500000)
 Metaspace       used 108987K, capacity 116714K, committed 127912K, reserved 1161216K
  class space    used 13531K, capacity 14887K, committed 16808K, reserved 1048576K
Event: 16994.490 GC heap after
Heap after GC invocations=104 (full 6):
 PSYoungGen      total 420352K, used 50628K [0x00000000e0000000, 0x0000000100000000, 0x0000000100000000)
  eden space 319488K, 0% used [0x00000000e0000000,0x00000000e0000000,0x00000000f3800000)
  from space 100864K, 50% used [0x00000000f9d80000,0x00000000fcef1138,0x0000000100000000)
  to   space 102400K, 0% used [0x00000000f3800000,0x00000000f3800000,0x00000000f9c00000)
 ParOldGen       total 316416K, used 146037K [0x00000000a0000000, 0x00000000b3500000, 0x00000000e0000000)
  object space 316416K, 46% used [0x00000000a0000000,0x00000000a8e9d608,0x00000000b3500000)
 Metaspace       used 108987K, capacity 116714K, committed 127912K, reserved 1161216K
  class space    used 13531K, capacity 14887K, committed 16808K, reserved 1048576K
}
Event: 16999.483 GC heap before
{Heap before GC invocations=105 (full 6):
 PSYoungGen      total 420352K, used 370116K [0x00000000e0000000, 0x0000000100000000, 0x0000000100000000)
  eden space 319488K, 100% used [0x00000000e0000000,0x00000000f3800000,0x00000000f3800000)
  from space 100864K, 50% used [0x00000000f9d80000,0x00000000fcef1138,0x0000000100000000)
  to   space 102400K, 0% used [0x00000000f3800000,0x00000000f3800000,0x00000000f9c00000)
 ParOldGen       total 316416K, used 146037K [0x00000000a0000000, 0x00000000b3500000, 0x00000000e0000000)
  object space 316416K, 46% used [0x00000000a0000000,0x00000000a8e9d608,0x00000000b3500000)
 Metaspace       used 109815K, capacity 117732K, committed 127912K, reserved 1161216K
  class space    used 13637K, capacity 15036K, committed 16808K, reserved 1048576K
Event: 16999.533 GC heap after
Heap after GC invocations=105 (full 6):
 PSYoungGen      total 382464K, used 62593K [0x00000000e0000000, 0x0000000100000000, 0x0000000100000000)
  eden space 319488K, 0% used [0x00000000e0000000,0x00000000e0000000,0x00000000f3800000)
  from space 62976K, 99% used [0x00000000f3800000,0x00000000f7520628,0x00000000f7580000)
  to   space 105984K, 0% used [0x00000000f9880000,0x00000000f9880000,0x0000000100000000)
 ParOldGen       total 316416K, used 146045K [0x00000000a0000000, 0x00000000b3500000, 0x00000000e0000000)
  object space 316416K, 46% used [0x00000000a0000000,0x00000000a8e9f608,0x00000000b3500000)
 Metaspace       used 109815K, capacity 117732K, committed 127912K, reserved 1161216K
  class space    used 13637K, capacity 15036K, committed 16808K, reserved 1048576K
}
Event: 17002.489 GC heap before
{Heap before GC invocations=106 (full 6):
 PSYoungGen      total 382464K, used 382081K [0x00000000e0000000, 0x0000000100000000, 0x0000000100000000)
  eden space 319488K, 100% used [0x00000000e0000000,0x00000000f3800000,0x00000000f3800000)
  from space 62976K, 99% used [0x00000000f3800000,0x00000000f7520628,0x00000000f7580000)
  to   space 105984K, 0% used [0x00000000f9880000,0x00000000f9880000,0x0000000100000000)
 ParOldGen       total 316416K, used 146045K [0x00000000a0000000, 0x00000000b3500000, 0x00000000e0000000)
  object space 316416K, 46% used [0x00000000a0000000,0x00000000a8e9f608,0x00000000b3500000)
 Metaspace       used 109824K, capacity 117732K, committed 127912K, reserved 1161216K
  class space    used 13637K, capacity 15036K, committed 16808K, reserved 1048576K
Event: 17002.574 GC heap after
Heap after GC invocations=106 (full 6):
 PSYoungGen      total 370176K, used 105970K [0x00000000e0000000, 0x0000000100000000, 0x0000000100000000)
  eden space 264192K, 0% used [0x00000000e0000000,0x00000000e0000000,0x00000000f0200000)
  from space 105984K, 99% used [0x00000000f9880000,0x00000000ffffc8f8,0x0000000100000000)
  to   space 130048K, 0% used [0x00000000f0200000,0x00000000f0200000,0x00000000f8100000)
 ParOldGen       total 316416K, used 161358K [0x00000000a0000000, 0x00000000b3500000, 0x00000000e0000000)
  object space 316416K, 50% used [0x00000000a0000000,0x00000000a9d93ad0,0x00000000b3500000)
 Metaspace       used 109824K, capacity 117732K, committed 127912K, reserved 1161216K
  class space    used 13637K, capacity 15036K, committed 16808K, reserved 1048576K
}
Event: 17003.457 GC heap before
{Heap before GC invocations=107 (full 6):
 PSYoungGen      total 370176K, used 369537K [0x00000000e0000000, 0x0000000100000000, 0x0000000100000000)
  eden space 264192K, 99% used [0x00000000e0000000,0x00000000f0163c08,0x00000000f0200000)
  from space 105984K, 99% used [0x00000000f9880000,0x00000000ffffc8f8,0x0000000100000000)
  to   space 130048K, 0% used [0x00000000f0200000,0x00000000f0200000,0x00000000f8100000)
 ParOldGen       total 316416K, used 161358K [0x00000000a0000000, 0x00000000b3500000, 0x00000000e0000000)
  object space 316416K, 50% used [0x00000000a0000000,0x00000000a9d93ad0,0x00000000b3500000)
 Metaspace       used 109826K, capacity 117732K, committed 127912K, reserved 1161216K
  class space    used 13637K, capacity 15036K, committed 16808K, reserved 1048576K
Event: 17003.528 GC heap after
Heap after GC invocations=107 (full 6):
 PSYoungGen      total 394240K, used 32208K [0x00000000e0000000, 0x0000000100000000, 0x0000000100000000)
  eden space 264192K, 0% used [0x00000000e0000000,0x00000000e0000000,0x00000000f0200000)
  from space 130048K, 24% used [0x00000000f0200000,0x00000000f2174158,0x00000000f8100000)
  to   space 123904K, 0% used [0x00000000f8700000,0x00000000f8700000,0x0000000100000000)
 ParOldGen       total 316416K, used 210706K [0x00000000a0000000, 0x00000000b3500000, 0x00000000e0000000)
  object space 316416K, 66% used [0x00000000a0000000,0x00000000acdc4968,0x00000000b3500000)
 Metaspace       used 109826K, capacity 117732K, committed 127912K, reserved 1161216K
  class space    used 13637K, capacity 15036K, committed 16808K, reserved 1048576K
}

